<?xml version="1.0" encoding="UTF-8"?>
<testsuite xmlns:xsi="http://www.w3.org/2001/XMLSchema-instance" xsi:noNamespaceSchemaLocation="https://maven.apache.org/surefire/maven-surefire-plugin/xsd/surefire-test-report-3.0.xsd" version="3.0" name="com.aldosanchez.microServiciosPlatos.MicroServiciosPlatosApplicationTests" time="6.114" tests="1" errors="0" skipped="0" failures="0">
  <properties>
[...]
</properties>
  <testcase name="contextLoads" classname="com.aldosanchez.microServiciosPlatos.MicroServiciosPlatosApplicationTests" time="0.421">
    <system-out><![CDATA[16:29:08.824 [main] INFO org.springframework.test.context.support.AnnotationConfigContextLoaderUtils -- Could not detect default configuration classes for test class [com.aldosanchez.microServiciosPlatos.MicroServiciosPlatosApplicationTests]: MicroServiciosPlatosApplicationTests does not declare any static, non-private, non-final, nested classes annotated with @Configuration.
16:29:08.955 [main] INFO org.springframework.boot.test.context.SpringBootTestContextBootstrapper -- Found @SpringBootConfiguration com.aldosanchez.microServiciosPlatos.MicroServiciosPlatosApplication for test class com.aldosanchez.microServiciosPlatos.MicroServiciosPlatosApplicationTests
16:29:09.194 [main] INFO org.springframework.boot.devtools.restart.RestartApplicationListener -- Restart disabled due to context in which it is running

  .   ____          _            __ _ _
 /\\ / ___'_ __ _ _(_)_ __  __ _ \ \ \ \
( ( )\___ | '_ | '_| | '_ \/ _` | \ \ \ \
 \\/  ___)| |_)| | | | | || (_| |  ) ) ) )
  '  |____| .__|_| |_|_| |_\__, | / / / /
 =========|_|==============|___/=/_/_/_/

 :: Spring Boot ::                (v3.3.4)

2024-10-21T16:29:09.508-05:00  INFO 9360 --- [           main] a.m.MicroServiciosPlatosApplicationTests : Starting MicroServiciosPlatosApplicationTests using Java 17.0.12 with PID 9360 (started by aldoj in C:\Proyectos\Microservicios con Java\microServiciosPlatos)
2024-10-21T16:29:09.510-05:00  INFO 9360 --- [           main] a.m.MicroServiciosPlatosApplicationTests : No active profile set, falling back to 1 default profile: "default"
2024-10-21T16:29:10.269-05:00  INFO 9360 --- [           main] .s.d.r.c.RepositoryConfigurationDelegate : Bootstrapping Spring Data JPA repositories in DEFAULT mode.
2024-10-21T16:29:10.351-05:00  INFO 9360 --- [           main] .s.d.r.c.RepositoryConfigurationDelegate : Finished Spring Data repository scanning in 69 ms. Found 1 JPA repository interface.
2024-10-21T16:29:10.915-05:00  INFO 9360 --- [           main] o.hibernate.jpa.internal.util.LogHelper  : HHH000204: Processing PersistenceUnitInfo [name: default]
2024-10-21T16:29:11.004-05:00  INFO 9360 --- [           main] org.hibernate.Version                    : HHH000412: Hibernate ORM core version 6.5.3.Final
2024-10-21T16:29:11.062-05:00  INFO 9360 --- [           main] o.h.c.internal.RegionFactoryInitiator    : HHH000026: Second-level cache disabled
2024-10-21T16:29:11.616-05:00  INFO 9360 --- [           main] o.s.o.j.p.SpringPersistenceUnitInfo      : No LoadTimeWeaver setup: ignoring JPA class transformer
2024-10-21T16:29:11.676-05:00  INFO 9360 --- [           main] com.zaxxer.hikari.HikariDataSource       : HikariPool-1 - Starting...
2024-10-21T16:29:12.063-05:00  INFO 9360 --- [           main] com.zaxxer.hikari.pool.HikariPool        : HikariPool-1 - Added connection com.mysql.cj.jdbc.ConnectionImpl@8ac512e
2024-10-21T16:29:12.067-05:00  INFO 9360 --- [           main] com.zaxxer.hikari.HikariDataSource       : HikariPool-1 - Start completed.
2024-10-21T16:29:12.131-05:00  WARN 9360 --- [           main] org.hibernate.orm.deprecation            : HHH90000025: MySQL8Dialect does not need to be specified explicitly using 'hibernate.dialect' (remove the property setting and it will be selected by default)
2024-10-21T16:29:12.133-05:00  WARN 9360 --- [           main] org.hibernate.orm.deprecation            : HHH90000026: MySQL8Dialect has been deprecated; use org.hibernate.dialect.MySQLDialect instead
2024-10-21T16:29:13.203-05:00  INFO 9360 --- [           main] o.h.e.t.j.p.i.JtaPlatformInitiator       : HHH000489: No JTA platform available (set 'hibernate.transaction.jta.platform' to enable JTA platform integration)
2024-10-21T16:29:13.313-05:00  INFO 9360 --- [           main] j.LocalContainerEntityManagerFactoryBean : Initialized JPA EntityManagerFactory for persistence unit 'default'
2024-10-21T16:29:13.842-05:00  WARN 9360 --- [           main] JpaBaseConfiguration$JpaWebConfiguration : spring.jpa.open-in-view is enabled by default. Therefore, database queries may be performed during view rendering. Explicitly configure spring.jpa.open-in-view to disable this warning
2024-10-21T16:29:14.292-05:00  INFO 9360 --- [           main] a.m.MicroServiciosPlatosApplicationTests : Started MicroServiciosPlatosApplicationTests in 5.117 seconds (process running for 6.323)
]]></system-out>
  </testcase>
</testsuite>