<?xml version="1.0" encoding="UTF-8"?>
<testsuite xmlns:xsi="http://www.w3.org/2001/XMLSchema-instance" xsi:noNamespaceSchemaLocation="https://maven.apache.org/surefire/maven-surefire-plugin/xsd/surefire-test-report-3.0.xsd" version="3.0" name="com.aldosanchez.eurekaSV.EurekaSvApplicationTests" time="4.068" tests="1" errors="0" skipped="0" failures="0">
  <properties>
[...]
</properties>
  <testcase name="contextLoads" classname="com.aldosanchez.eurekaSV.EurekaSvApplicationTests" time="0.658">
    <system-out><![CDATA[Standard Commons Logging discovery in action with spring-jcl: please remove commons-logging.jar from classpath in order to avoid potential conflicts
16:52:56.224 [main] INFO org.springframework.test.context.support.AnnotationConfigContextLoaderUtils -- Could not detect default configuration classes for test class [com.aldosanchez.eurekaSV.EurekaSvApplicationTests]: EurekaSvApplicationTests does not declare any static, non-private, non-final, nested classes annotated with @Configuration.
16:52:56.321 [main] INFO org.springframework.boot.test.context.SpringBootTestContextBootstrapper -- Found @SpringBootConfiguration com.aldosanchez.eurekaSV.EurekaSvApplication for test class com.aldosanchez.eurekaSV.EurekaSvApplicationTests
16:52:56.469 [main] INFO org.springframework.boot.devtools.restart.RestartApplicationListener -- Restart disabled due to context in which it is running

  .   ____          _            __ _ _
 /\\ / ___'_ __ _ _(_)_ __  __ _ \ \ \ \
( ( )\___ | '_ | '_| | '_ \/ _` | \ \ \ \
 \\/  ___)| |_)| | | | | || (_| |  ) ) ) )
  '  |____| .__|_| |_|_| |_\__, | / / / /
 =========|_|==============|___/=/_/_/_/

 :: Spring Boot ::                (v3.3.5)

2024-11-11T16:52:56.794-05:00  INFO 12116 --- [eurekaSV] [           main] c.a.eurekaSV.EurekaSvApplicationTests    : Starting EurekaSvApplicationTests using Java 17.0.12 with PID 12116 (started by aldoj in C:\Proyectos\Microservicios con Java\patrones de diseño\eurekaSV)
2024-11-11T16:52:56.795-05:00  INFO 12116 --- [eurekaSV] [           main] c.a.eurekaSV.EurekaSvApplicationTests    : No active profile set, falling back to 1 default profile: "default"
2024-11-11T16:52:57.694-05:00  INFO 12116 --- [eurekaSV] [           main] o.s.cloud.context.scope.GenericScope     : BeanFactory id=34172e90-da19-3d87-8281-2fa410576e96
2024-11-11T16:52:57.769-05:00  WARN 12116 --- [eurekaSV] [           main] trationDelegate$BeanPostProcessorChecker : Bean 'org.springframework.cloud.client.loadbalancer.LoadBalancerAutoConfiguration$DeferringLoadBalancerInterceptorConfig' of type [org.springframework.cloud.client.loadbalancer.LoadBalancerAutoConfiguration$DeferringLoadBalancerInterceptorConfig] is not eligible for getting processed by all BeanPostProcessors (for example: not eligible for auto-proxying). The currently created BeanPostProcessor [lbRestClientPostProcessor] is declared through a non-static factory method on that class; consider declaring it as static instead.
2024-11-11T16:52:57.772-05:00  WARN 12116 --- [eurekaSV] [           main] trationDelegate$BeanPostProcessorChecker : Bean 'deferringLoadBalancerInterceptor' of type [org.springframework.cloud.client.loadbalancer.DeferringLoadBalancerInterceptor] is not eligible for getting processed by all BeanPostProcessors (for example: not eligible for auto-proxying). Is this bean getting eagerly injected/applied to a currently created BeanPostProcessor [lbRestClientPostProcessor]? Check the corresponding BeanPostProcessor declaration and its dependencies/advisors. If this bean does not have to be post-processed, declare it with ROLE_INFRASTRUCTURE.
2024-11-11T16:52:58.838-05:00  WARN 12116 --- [eurekaSV] [           main] iguration$LoadBalancerCaffeineWarnLogger : Spring Cloud LoadBalancer is currently working with the default cache. While this cache implementation is useful for development and tests, it's recommended to use Caffeine cache in production.You can switch to using Caffeine cache, by adding it and org.springframework.cache.caffeine.CaffeineCacheManager to the classpath.
2024-11-11T16:52:59.024-05:00  INFO 12116 --- [eurekaSV] [           main] o.s.c.n.eureka.InstanceInfoFactory       : Setting initial instance status as: STARTING
2024-11-11T16:52:59.051-05:00  INFO 12116 --- [eurekaSV] [           main] com.netflix.discovery.DiscoveryClient    : Initializing Eureka in region us-east-1
2024-11-11T16:52:59.051-05:00  INFO 12116 --- [eurekaSV] [           main] com.netflix.discovery.DiscoveryClient    : Client configured to neither register nor query for data.
2024-11-11T16:52:59.053-05:00  INFO 12116 --- [eurekaSV] [           main] com.netflix.discovery.DiscoveryClient    : Discovery Client initialized at timestamp 1731361979053 with initial instances count: 0
2024-11-11T16:52:59.090-05:00  INFO 12116 --- [eurekaSV] [           main] c.n.eureka.DefaultEurekaServerContext    : Initializing ...
2024-11-11T16:52:59.093-05:00  INFO 12116 --- [eurekaSV] [           main] c.n.eureka.cluster.PeerEurekaNodes       : Adding new peer nodes [http://localhost:8761/eureka/]
2024-11-11T16:52:59.253-05:00  INFO 12116 --- [eurekaSV] [           main] c.n.d.provider.DiscoveryJerseyProvider   : Using JSON encoding codec LegacyJacksonJson
2024-11-11T16:52:59.254-05:00  INFO 12116 --- [eurekaSV] [           main] c.n.d.provider.DiscoveryJerseyProvider   : Using JSON decoding codec LegacyJacksonJson
2024-11-11T16:52:59.254-05:00  INFO 12116 --- [eurekaSV] [           main] c.n.d.provider.DiscoveryJerseyProvider   : Using XML encoding codec XStreamXml
2024-11-11T16:52:59.254-05:00  INFO 12116 --- [eurekaSV] [           main] c.n.d.provider.DiscoveryJerseyProvider   : Using XML decoding codec XStreamXml
2024-11-11T16:52:59.313-05:00  INFO 12116 --- [eurekaSV] [           main] c.n.eureka.cluster.PeerEurekaNodes       : Replica node URL:  http://localhost:8761/eureka/
2024-11-11T16:52:59.323-05:00  INFO 12116 --- [eurekaSV] [           main] c.n.e.registry.AbstractInstanceRegistry  : Finished initializing remote region registries. All known remote regions: []
2024-11-11T16:52:59.323-05:00  INFO 12116 --- [eurekaSV] [           main] c.n.eureka.DefaultEurekaServerContext    : Initialized
2024-11-11T16:52:59.379-05:00  INFO 12116 --- [eurekaSV] [           main] o.s.b.a.e.web.EndpointLinksResolver      : Exposing 1 endpoint beneath base path '/actuator'
2024-11-11T16:52:59.424-05:00  INFO 12116 --- [eurekaSV] [           main] o.s.c.n.e.s.EurekaServiceRegistry        : Registering application EUREKASV with eureka with status UP
2024-11-11T16:52:59.435-05:00  INFO 12116 --- [eurekaSV] [      Thread-11] o.s.c.n.e.server.EurekaServerBootstrap   : isAws returned false
2024-11-11T16:52:59.435-05:00  INFO 12116 --- [eurekaSV] [      Thread-11] o.s.c.n.e.server.EurekaServerBootstrap   : Initialized server context
2024-11-11T16:52:59.435-05:00  INFO 12116 --- [eurekaSV] [      Thread-11] c.n.e.r.PeerAwareInstanceRegistryImpl    : Got 1 instances from neighboring DS node
2024-11-11T16:52:59.435-05:00  INFO 12116 --- [eurekaSV] [      Thread-11] c.n.e.r.PeerAwareInstanceRegistryImpl    : Renew threshold is: 1
2024-11-11T16:52:59.436-05:00  INFO 12116 --- [eurekaSV] [      Thread-11] c.n.e.r.PeerAwareInstanceRegistryImpl    : Changing status to UP
2024-11-11T16:52:59.437-05:00  INFO 12116 --- [eurekaSV] [           main] c.a.eurekaSV.EurekaSvApplicationTests    : Started EurekaSvApplicationTests in 2.981 seconds (process running for 3.879)
2024-11-11T16:52:59.437-05:00  INFO 12116 --- [eurekaSV] [      Thread-11] e.s.EurekaServerInitializerConfiguration : Started Eureka Server
]]></system-out>
  </testcase>
</testsuite>