<?xml version="1.0" encoding="UTF-8"?>
<testsuite xmlns:xsi="http://www.w3.org/2001/XMLSchema-instance" xsi:noNamespaceSchemaLocation="https://maven.apache.org/surefire/maven-surefire-plugin/xsd/surefire-test-report-3.0.xsd" version="3.0" name="com.aldosanchez.ejercicioSpringCloud2.EjercicioSpringCloud2ApplicationTests" time="2.784" tests="1" errors="0" skipped="0" failures="0">
  <properties>
[...]
</properties>
  <testcase name="contextLoads" classname="com.aldosanchez.ejercicioSpringCloud2.EjercicioSpringCloud2ApplicationTests" time="0.721">
    <system-out><![CDATA[12:53:33.930 [main] INFO org.springframework.test.context.support.AnnotationConfigContextLoaderUtils -- Could not detect default configuration classes for test class [com.aldosanchez.ejercicioSpringCloud2.EjercicioSpringCloud2ApplicationTests]: EjercicioSpringCloud2ApplicationTests does not declare any static, non-private, non-final, nested classes annotated with @Configuration.
12:53:34.020 [main] INFO org.springframework.boot.test.context.SpringBootTestContextBootstrapper -- Found @SpringBootConfiguration com.aldosanchez.ejercicioSpringCloud2.EjercicioSpringCloud2Application for test class com.aldosanchez.ejercicioSpringCloud2.EjercicioSpringCloud2ApplicationTests
12:53:34.208 [main] INFO org.springframework.boot.devtools.restart.RestartApplicationListener -- Restart disabled due to context in which it is running

  .   ____          _            __ _ _
 /\\ / ___'_ __ _ _(_)_ __  __ _ \ \ \ \
( ( )\___ | '_ | '_| | '_ \/ _` | \ \ \ \
 \\/  ___)| |_)| | | | | || (_| |  ) ) ) )
  '  |____| .__|_| |_|_| |_\__, | / / / /
 =========|_|==============|___/=/_/_/_/

 :: Spring Boot ::                (v3.3.4)

2024-10-22T12:53:34.532-05:00  INFO 7796 --- [           main] .e.EjercicioSpringCloud2ApplicationTests : Starting EjercicioSpringCloud2ApplicationTests using Java 17.0.12 with PID 7796 (started by aldoj in C:\Proyectos\Microservicios con Java\ejercicioSpringCloud2)
2024-10-22T12:53:34.533-05:00  INFO 7796 --- [           main] .e.EjercicioSpringCloud2ApplicationTests : No active profile set, falling back to 1 default profile: "default"
2024-10-22T12:53:35.200-05:00  INFO 7796 --- [           main] o.s.cloud.context.scope.GenericScope     : BeanFactory id=86985998-bd96-3b2c-bf47-6efc8068dd71
2024-10-22T12:53:35.846-05:00  INFO 7796 --- [           main] .e.EjercicioSpringCloud2ApplicationTests : Started EjercicioSpringCloud2ApplicationTests in 1.65 seconds (process running for 2.547)
]]></system-out>
  </testcase>
</testsuite>